Determining if the pthread_create exist failed with the following output:
Change Dir: /home/caster/ros_ws/caster/build/kinect2_registration/CMakeFiles/CMakeTmp

Run Build Command:"/usr/bin/make" "cmTC_88654/fast"
/usr/bin/make -f CMakeFiles/cmTC_88654.dir/build.make CMakeFiles/cmTC_88654.dir/build
make[1]: Entering directory '/home/caster/ros_ws/caster/build/kinect2_registration/CMakeFiles/CMakeTmp'
Building C object CMakeFiles/cmTC_88654.dir/CheckSymbolExists.c.o
/usr/bin/cc    -o CMakeFiles/cmTC_88654.dir/CheckSymbolExists.c.o   -c /home/caster/ros_ws/caster/build/kinect2_registration/CMakeFiles/CMakeTmp/CheckSymbolExists.c
Linking C executable cmTC_88654
/usr/bin/cmake -E cmake_link_script CMakeFiles/cmTC_88654.dir/link.txt --verbose=1
/usr/bin/cc      -rdynamic CMakeFiles/cmTC_88654.dir/CheckSymbolExists.c.o  -o cmTC_88654 
CMakeFiles/cmTC_88654.dir/CheckSymbolExists.c.o: In function `main':
CheckSymbolExists.c:(.text+0x1b): undefined reference to `pthread_create'
collect2: error: ld returned 1 exit status
CMakeFiles/cmTC_88654.dir/build.make:97: recipe for target 'cmTC_88654' failed
make[1]: *** [cmTC_88654] Error 1
make[1]: Leaving directory '/home/caster/ros_ws/caster/build/kinect2_registration/CMakeFiles/CMakeTmp'
Makefile:126: recipe for target 'cmTC_88654/fast' failed
make: *** [cmTC_88654/fast] Error 2

File /home/caster/ros_ws/caster/build/kinect2_registration/CMakeFiles/CMakeTmp/CheckSymbolExists.c:
/* */
#include <pthread.h>

int main(int argc, char** argv)
{
  (void)argv;
#ifndef pthread_create
  return ((int*)(&pthread_create))[argc];
#else
  (void)argc;
  return 0;
#endif
}

Determining if the function pthread_create exists in the pthreads failed with the following output:
Change Dir: /home/caster/ros_ws/caster/build/kinect2_registration/CMakeFiles/CMakeTmp

Run Build Command:"/usr/bin/make" "cmTC_5e529/fast"
/usr/bin/make -f CMakeFiles/cmTC_5e529.dir/build.make CMakeFiles/cmTC_5e529.dir/build
make[1]: Entering directory '/home/caster/ros_ws/caster/build/kinect2_registration/CMakeFiles/CMakeTmp'
Building C object CMakeFiles/cmTC_5e529.dir/CheckFunctionExists.c.o
/usr/bin/cc   -DCHECK_FUNCTION_EXISTS=pthread_create   -o CMakeFiles/cmTC_5e529.dir/CheckFunctionExists.c.o   -c /usr/share/cmake-3.10/Modules/CheckFunctionExists.c
Linking C executable cmTC_5e529
/usr/bin/cmake -E cmake_link_script CMakeFiles/cmTC_5e529.dir/link.txt --verbose=1
/usr/bin/cc  -DCHECK_FUNCTION_EXISTS=pthread_create    -rdynamic CMakeFiles/cmTC_5e529.dir/CheckFunctionExists.c.o  -o cmTC_5e529 -lpthreads 
/usr/bin/ld: cannot find -lpthreads
collect2: error: ld returned 1 exit status
CMakeFiles/cmTC_5e529.dir/build.make:97: recipe for target 'cmTC_5e529' failed
make[1]: *** [cmTC_5e529] Error 1
make[1]: Leaving directory '/home/caster/ros_ws/caster/build/kinect2_registration/CMakeFiles/CMakeTmp'
Makefile:126: recipe for target 'cmTC_5e529/fast' failed
make: *** [cmTC_5e529/fast] Error 2


Performing C++ SOURCE FILE Test OpenCL_CXX_WORKS failed with the following output:
Change Dir: /home/caster/ros_ws/caster/build/kinect2_registration/CMakeFiles/CMakeTmp

Run Build Command:"/usr/bin/make" "cmTC_6f239/fast"
/usr/bin/make -f CMakeFiles/cmTC_6f239.dir/build.make CMakeFiles/cmTC_6f239.dir/build
make[1]: Entering directory '/home/caster/ros_ws/caster/build/kinect2_registration/CMakeFiles/CMakeTmp'
Building CXX object CMakeFiles/cmTC_6f239.dir/src.cxx.o
/usr/bin/c++   -I/include/internal  -DBT_USE_DOUBLE_PRECISION -Wall -Wuninitialized -Winit-self -Wunused-function -Wunused-label -Wunused-variable -Wunused-but-set-variable -Wunused-but-set-parameter -Warray-bounds -Wtype-limits -Wreturn-type -Wsequence-point -Wparentheses -Wmissing-braces -Wchar-subscripts -Wswitch -Wwrite-strings -Wenum-compare -Wempty-body -std=c++11 -fopenmp -DOpenCL_CXX_WORKS   -o CMakeFiles/cmTC_6f239.dir/src.cxx.o -c /home/caster/ros_ws/caster/build/kinect2_registration/CMakeFiles/CMakeTmp/src.cxx
/home/caster/ros_ws/caster/build/kinect2_registration/CMakeFiles/CMakeTmp/src.cxx:2:10: fatal error: CL/cl.hpp: No such file or directory
 #include <CL/cl.hpp>
          ^~~~~~~~~~~
compilation terminated.
CMakeFiles/cmTC_6f239.dir/build.make:65: recipe for target 'CMakeFiles/cmTC_6f239.dir/src.cxx.o' failed
make[1]: *** [CMakeFiles/cmTC_6f239.dir/src.cxx.o] Error 1
make[1]: Leaving directory '/home/caster/ros_ws/caster/build/kinect2_registration/CMakeFiles/CMakeTmp'
Makefile:126: recipe for target 'cmTC_6f239/fast' failed
make: *** [cmTC_6f239/fast] Error 2

Source file was:

#include <CL/cl.hpp>
int main() {
  cl::Context context;
  cl::Platform platform;
  cl::Device device;
  return 0;
}
